0 info it worked if it ends with ok
1 verbose cli [ '/usr/bin/nodejs', '/usr/bin/npm', 'install' ]
2 info using npm@1.2.18
3 info using node@v0.10.15
4 verbose read json /home/oswald/node/package.json
5 error install Couldn't read dependencies
6 error Error: ENOENT, open '/home/oswald/node/package.json'
7 error If you need help, you may report this log at:
7 error     <http://bugs.debian.org/npm>
7 error or use
7 error     reportbug --attach /home/oswald/node/npm-debug.log npm
8 error System Linux 3.11.0-20-generic
9 error command "/usr/bin/nodejs" "/usr/bin/npm" "install"
10 error cwd /home/oswald/node
11 error node -v v0.10.15
12 error npm -v 1.2.18
13 error path /home/oswald/node/package.json
14 error code ENOENT
15 error errno 34
16 verbose exit [ 34, true ]
